<?xml version="1.0" encoding="UTF-8"?>
<testng-results ignored="0" total="1" passed="1" failed="0" skipped="0">
  <reporter-output>
  </reporter-output>
  <suite started-at="2023-04-03T21:19:38 IST" name="Suite" finished-at="2023-04-03T21:20:38 IST" duration-ms="59993">
    <groups>
    </groups>
    <test started-at="2023-04-03T21:19:38 IST" name="Test" finished-at="2023-04-03T21:20:38 IST" duration-ms="59993">
      <class name="test.DemoTest">
        <test-method is-config="true" signature="setup()[pri:0, instance:test.DemoTest@71d44a3]" started-at="2023-04-03T21:19:39 IST" name="setup" finished-at="2023-04-03T21:20:11 IST" duration-ms="31810" status="PASS">
          <reporter-output>
          </reporter-output>
        </test-method> <!-- setup -->
        <test-method signature="testCase1()[pri:0, instance:test.DemoTest@71d44a3]" started-at="2023-04-03T21:20:11 IST" name="testCase1" finished-at="2023-04-03T21:20:38 IST" duration-ms="26689" status="PASS">
          <reporter-output>
          </reporter-output>
        </test-method> <!-- testCase1 -->
      </class> <!-- test.DemoTest -->
    </test> <!-- Test -->
  </suite> <!-- Suite -->
</testng-results>
